Script named 'spell_dk_blood_gorged' does not have a script name assigned in database.
Script named 'spell_dk_icebound_fortitude' does not have a script name assigned in database.
Script named 'spell_dk_rune_tap_party' does not have a script name assigned in database.
Script named 'spell_dk_vampiric_blood' does not have a script name assigned in database.
Script named 'spell_dru_dash' does not have a script name assigned in database.
Script named 'spell_dru_idol_lifebloom' does not have a script name assigned in database.
Script named 'spell_dru_innervate' does not have a script name assigned in database.
Script named 'spell_dru_living_seed' does not have a script name assigned in database.
Script named 'spell_dru_living_seed_proc' does not have a script name assigned in database.
Script named 'spell_dru_owlkin_frenzy' does not have a script name assigned in database.
Script named 'spell_dru_rip' does not have a script name assigned in database.
Script named 'spell_dru_typhoon' does not have a script name assigned in database.
Script named 'spell_gen_adaptive_warding' does not have a script name assigned in database.
Script named 'spell_gen_create_lance' does not have a script name assigned in database.
Script named 'spell_gen_netherbloom' does not have a script name assigned in database.
Script named 'spell_gen_nightmare_vine' does not have a script name assigned in database.
Script named 'spell_gen_obsidian_armor' does not have a script name assigned in database.
Script named 'spell_hun_ascpect_of_the_viper' does not have a script name assigned in database.
Script named 'spell_mage_burnout' does not have a script name assigned in database.
Script named 'spell_mage_fire_frost_ward' does not have a script name assigned in database.
Script named 'spell_mage_focus_magic' does not have a script name assigned in database.
Script named 'spell_mage_ice_barrier' does not have a script name assigned in database.
Script named 'spell_mage_ignite' does not have a script name assigned in database.
Script named 'spell_mage_mana_shield' does not have a script name assigned in database.
Script named 'spell_mage_master_of_elements' does not have a script name assigned in database.
Script named 'spell_pal_eye_for_an_eye' does not have a script name assigned in database.
Script named 'spell_pal_hand_of_salvation' does not have a script name assigned in database.
Script named 'spell_pal_sacred_shield' does not have a script name assigned in database.
Script named 'spell_pal_seal_of_righteousness' does not have a script name assigned in database.
Script named 'spell_pri_divine_aegis' does not have a script name assigned in database.
Script named 'spell_pri_glyph_of_prayer_of_healing' does not have a script name assigned in database.
Script named 'spell_pri_lightwell_renew' does not have a script name assigned in database.
Script named 'spell_pri_mana_leech' does not have a script name assigned in database.
Script named 'spell_pri_power_word_shield' does not have a script name assigned in database.
Script named 'spell_rog_blade_flurry' does not have a script name assigned in database.
Script named 'spell_rog_rupture' does not have a script name assigned in database.
Script named 'spell_rog_tricks_of_the_trade' does not have a script name assigned in database.
Script named 'spell_rog_tricks_of_the_trade_proc' does not have a script name assigned in database.
Script named 'spell_sha_earth_shield' does not have a script name assigned in database.
Script named 'spell_sha_thunderstorm' does not have a script name assigned in database.
Script named 'spell_warl_fel_synergy' does not have a script name assigned in database.
Script named 'spell_warl_shadow_ward' does not have a script name assigned in database.
Script named 'spell_warl_siphon_life' does not have a script name assigned in database.
Script named 'spell_warr_damage_shield' does not have a script name assigned in database.
Script named 'spell_warr_intimidating_shout' does not have a script name assigned in database.
Script named 'spell_warr_rend' does not have a script name assigned in database.
Script named 'spell_warr_shattering_throw' does not have a script name assigned in database.
Script named 'spell_warr_sweeping_strikes' does not have a script name assigned in database.
Script named 'spell_warr_vigilance_trigger' does not have a script name assigned in database.
Script named 'spell_item_arcane_shroud' does not have a script name assigned in database.
Script named 'spell_item_blessing_of_ancient_kings' does not have a script name assigned in database.
Script named 'spell_item_goblin_jumper_cables' does not have a script name assigned in database.
Script named 'spell_item_goblin_jumper_cables_xl' does not have a script name assigned in database.
Script named 'spell_item_gnomish_army_knife' does not have a script name assigned in database.
Script named 'spell_item_necrotic_touch' does not have a script name assigned in database.
Script named 'spell_item_piccolo_of_the_flaming_fire' does not have a script name assigned in database.
Script named 'spell_item_scroll_of_recall' does not have a script name assigned in database.
Script named 'spell_item_shadows_fate' does not have a script name assigned in database.
Script named 'spell_item_shadowmourne_soul_fragment' does not have a script name assigned in database.
Script named 'spell_item_the_eye_of_diminution' does not have a script name assigned in database.
Script named 'spell_winter_veil_px_238_winter_wondervolt' does not have a script name assigned in database.
Script named 'mob_vilebranch_speaker' does not have a script name assigned in database.
Script named 'spell_threatening_gaze' does not have a script name assigned in database.
Script named 'npc_zulian_prowler' does not have a script name assigned in database.
Script named 'spell_blood_queen_essence_of_the_blood_queen' does not have a script name assigned in database.
Script named 'spell_the_lich_king_dark_hunger' does not have a script name assigned in database.
Script named 'npc_vics_flying_machine' does not have a script name assigned in database.
Script named 'spell_dk_blood_gorged' does not have a script name assigned in database.
Script named 'spell_dk_icebound_fortitude' does not have a script name assigned in database.
Script named 'spell_dk_rune_tap_party' does not have a script name assigned in database.
Script named 'spell_dk_vampiric_blood' does not have a script name assigned in database.
Script named 'spell_dru_dash' does not have a script name assigned in database.
Script named 'spell_dru_idol_lifebloom' does not have a script name assigned in database.
Script named 'spell_dru_innervate' does not have a script name assigned in database.
Script named 'spell_dru_living_seed' does not have a script name assigned in database.
Script named 'spell_dru_living_seed_proc' does not have a script name assigned in database.
Script named 'spell_dru_owlkin_frenzy' does not have a script name assigned in database.
Script named 'spell_dru_rip' does not have a script name assigned in database.
Script named 'spell_dru_typhoon' does not have a script name assigned in database.
Script named 'spell_gen_adaptive_warding' does not have a script name assigned in database.
Script named 'spell_gen_create_lance' does not have a script name assigned in database.
Script named 'spell_gen_netherbloom' does not have a script name assigned in database.
Script named 'spell_gen_nightmare_vine' does not have a script name assigned in database.
Script named 'spell_gen_obsidian_armor' does not have a script name assigned in database.
Script named 'spell_hun_ascpect_of_the_viper' does not have a script name assigned in database.
Script named 'spell_mage_burnout' does not have a script name assigned in database.
Script named 'spell_mage_fire_frost_ward' does not have a script name assigned in database.
Script named 'spell_mage_focus_magic' does not have a script name assigned in database.
Script named 'spell_mage_ice_barrier' does not have a script name assigned in database.
Script named 'spell_mage_ignite' does not have a script name assigned in database.
Script named 'spell_mage_mana_shield' does not have a script name assigned in database.
Script named 'spell_mage_master_of_elements' does not have a script name assigned in database.
Script named 'spell_pal_eye_for_an_eye' does not have a script name assigned in database.
Script named 'spell_pal_hand_of_salvation' does not have a script name assigned in database.
Script named 'spell_pal_sacred_shield' does not have a script name assigned in database.
Script named 'spell_pal_seal_of_righteousness' does not have a script name assigned in database.
Script named 'spell_pri_divine_aegis' does not have a script name assigned in database.
Script named 'spell_pri_glyph_of_prayer_of_healing' does not have a script name assigned in database.
Script named 'spell_pri_lightwell_renew' does not have a script name assigned in database.
Script named 'spell_pri_mana_leech' does not have a script name assigned in database.
Script named 'spell_pri_power_word_shield' does not have a script name assigned in database.
Script named 'spell_rog_blade_flurry' does not have a script name assigned in database.
Script named 'spell_rog_rupture' does not have a script name assigned in database.
Script named 'spell_rog_tricks_of_the_trade' does not have a script name assigned in database.
Script named 'spell_rog_tricks_of_the_trade_proc' does not have a script name assigned in database.
Script named 'spell_sha_earth_shield' does not have a script name assigned in database.
Script named 'spell_sha_thunderstorm' does not have a script name assigned in database.
Script named 'spell_warl_fel_synergy' does not have a script name assigned in database.
Script named 'spell_warl_shadow_ward' does not have a script name assigned in database.
Script named 'spell_warl_siphon_life' does not have a script name assigned in database.
Script named 'spell_warr_damage_shield' does not have a script name assigned in database.
Script named 'spell_warr_intimidating_shout' does not have a script name assigned in database.
Script named 'spell_warr_rend' does not have a script name assigned in database.
Script named 'spell_warr_shattering_throw' does not have a script name assigned in database.
Script named 'spell_warr_sweeping_strikes' does not have a script name assigned in database.
Script named 'spell_warr_vigilance_trigger' does not have a script name assigned in database.
Script named 'spell_item_arcane_shroud' does not have a script name assigned in database.
Script named 'spell_item_blessing_of_ancient_kings' does not have a script name assigned in database.
Script named 'spell_item_goblin_jumper_cables' does not have a script name assigned in database.
Script named 'spell_item_goblin_jumper_cables_xl' does not have a script name assigned in database.
Script named 'spell_item_gnomish_army_knife' does not have a script name assigned in database.
Script named 'spell_item_necrotic_touch' does not have a script name assigned in database.
Script named 'spell_item_piccolo_of_the_flaming_fire' does not have a script name assigned in database.
Script named 'spell_item_scroll_of_recall' does not have a script name assigned in database.
Script named 'spell_item_shadows_fate' does not have a script name assigned in database.
Script named 'spell_item_shadowmourne_soul_fragment' does not have a script name assigned in database.
Script named 'spell_item_the_eye_of_diminution' does not have a script name assigned in database.
Script named 'spell_winter_veil_px_238_winter_wondervolt' does not have a script name assigned in database.
Script named 'mob_vilebranch_speaker' does not have a script name assigned in database.
Script named 'spell_threatening_gaze' does not have a script name assigned in database.
Script named 'npc_zulian_prowler' does not have a script name assigned in database.
Script named 'spell_blood_queen_essence_of_the_blood_queen' does not have a script name assigned in database.
Script named 'spell_the_lich_king_dark_hunger' does not have a script name assigned in database.
Script named 'npc_vics_flying_machine' does not have a script name assigned in database.
