Using configuration file worldserver.conf.
Using SSL version: OpenSSL 1.0.1c 10 May 2012 (library: OpenSSL 1.0.1c 10 May 2012)
Using ACE version: 6.1.4
TrinityCore rev. 0000-00-00 00:00:00 +0000 (Archived) (Win32, Release) (worldserver-daemon)
<Ctrl-C> to stop.

 ______                       __
/\__  _\       __          __/\ \__
\/_/\ \/ _ __ /\_\    ___ /\_\ \, _\  __  __
   \ \ \/\`'__\/\ \ /' _ `\/\ \ \ \/ /\ \/\ \
    \ \ \ \ \/ \ \ \/\ \/\ \ \ \ \ \_\ \ \_\ \
     \ \_\ \_\  \ \_\ \_\ \_\ \_\ \__\\/`____ \
      \/_/\/_/   \/_/\/_/\/_/\/_/\/__/ `/___/> \
                                 C O R E  /\___/
http://TrinityCore.org                    \/__/

Realm running as realm ID 1
Using World DB: TDB 335.49
Will clear `logs` table of entries older than 1209600 seconds every 10 minutes.
Using DataDir ./
WORLD: MMap data directory is: ./mmaps
VMap support included. LineOfSight: 1, getHeight: 1, indoorCheck: 1
VMap data directory is: ./vmaps
Loading Trinity strings...
>> Loaded 963 Trinity strings from table trinity_string in 0 ms
Initialize data stores...
>> Initialized 96 data stores in 265 ms
Using enUS DBC Locale as default. All available DBC locales: enUS 
Loading spell dbc data corrections...
>> Loaded spell dbc data corrections in 0 ms
Loading SpellInfo store...
>> Loaded spell custom attributes in 31 ms
Loading SkillLineAbilityMultiMap Data...
>> Loaded 10219 SkillLineAbility MultiMap Data in 0 ms
Loading spell custom attributes...
>> Loaded spell custom attributes in 16 ms
Loading GameObject models...
>> Loaded 2321 GameObject models in 0 ms
Loading Script Names...
>> Loaded 2084 Script Names in 1201 ms
Loading Instance Template...
>> Loaded 83 instance templates in 0 ms
Loading instances...
>> Loaded instances in 16 ms
Loading Localization strings...
>> Loaded 29923 creature locale strings in 62 ms
>> Loaded 19059 gameobject locale strings in 63 ms
>> Loaded 37293 Item locale strings in 78 ms
>> Loaded 2481 Item set name locale strings in 0 ms
>> Localization strings loaded in 218 ms
Loading Page Texts...
>> Loaded 1834 page texts in 0 ms
Loading Game Object Templates...
>> Loaded 19059 game object templates in 171 ms
Loading Spell Rank Data...
>> Loaded 5593 spell rank records in 16 ms
Loading Spell Required Data...
>> Loaded 41 spell required records in 0 ms
Loading Spell Group types...
>> Loaded 461 spell group definitions in 0 ms
Loading Spell Learn Skills...
>> Loaded 99 Spell Learn Skills from DBC in 0 ms
Loading Spell Learn Spells...
>> Loaded 8 spell learn spells + 572 found in DBC in 0 ms
Loading Spell Proc Event conditions...
>> Loaded 1085 extra and 59 custom spell proc event conditions in 16 ms
Loading Spell Proc conditions and data...
>> Loaded 0 spell proc conditions and data. DB table `spell_proc` is empty.
Loading Spell Bonus Data...
>> Loaded 332 extra spell bonus data in 0 ms
Loading Aggro Spells Definitions...
>> Loaded 106 SpellThreatEntries in 0 ms
Loading Spell Group Stack Rules...
>> Loaded 53 spell group stack rules in 0 ms
Loading NPC Texts...
>> Loaded 6044 npc texts in 124 ms
Loading Enchant Spells Proc datas...
>> Loaded 42 enchant proc data definitions in 0 ms
Loading Item Random Enchantments Table...
>> Loaded 28607 Item Enchantment definitions in 32 ms
Loading Disables
>> Loaded 801 disables in 15 ms
Loading Items...
>> Loaded 37293 item templates in 1077 ms
Loading Item set names...
>> Loaded 2481 item set names in 0 ms
Loading Creature Model Based Info Data...
>> Loaded 24142 creature model based info in 46 ms
Loading Equipment templates...
>> Loaded 2492 equipment templates in 16 ms
Loading Creature templates...
>> Loaded 29923 creature definitions in 655 ms
Loading Creature template addons...
>> Loaded 8194 creature template addons in 16 ms
Loading Reputation Reward Rates...
>> Loaded 14 reputation_reward_rate in 0 ms
Loading Creature Reputation OnKill Data...
>> Loaded 2002 creature award reputation definitions in 0 ms
Loading Reputation Spillover Data...
>> Loaded 26 reputation_spillover_template in 0 ms
Loading Points Of Interest Data...
>> Loaded 453 Points of Interest definitions in 15 ms
Loading Creature Base Stats...
>> Loaded 400 creature base stats in 0 ms
Loading Creature Data...
>> Loaded 143480 creatures in 1529 ms
Loading pet levelup spells...
>> Loaded 993 pet levelup and default spells for 39 families in 0 ms
Loading pet default spells additional to levelup spells...
>> Loaded addition spells for 111 pet spell data entries in 0 ms
Loading summonable creature templates...
>> Loaded 374 summonable creature templates in 0 ms
Loading Creature Addon Data...
>> Loaded 34678 creature addons in 78 ms
Loading Gameobject Data...
>> Loaded 82582 gameobjects in 1186 ms
Loading Creature Linked Respawn...
>> Loaded 5547 linked respawns in 0 ms
Loading Weather Data...
>> Loaded 35 weather definitions in 0 ms
Loading Quests...
>> Loaded 9464 quests definitions in 359 ms
Checking Quest Disables
>> Checked 651 quest disables in 0 ms
Loading Quest POI
>> Loaded 18759 quest POI definitions in 141 ms
Loading Quests Relations...
Loading GO Start Quest Data...
>> Loaded 520 quest relations from gameobject_questrelation in 0 ms
Loading GO End Quest Data...
>> Loaded 450 quest relations from gameobject_involvedrelation in 0 ms
Loading Creature Start Quest Data...
>> Loaded 7501 quest relations from creature_questrelation in 15 ms
Loading Creature End Quest Data...
>> Loaded 7847 quest relations from creature_involvedrelation in 15 ms
Loading Objects Pooling Data...
>> Loaded 3023 objects pools in 0 ms
Loading Creatures Pooling Data...
>> Loaded 901 creatures in pools in 0 ms
Loading Gameobject Pooling Data...
>> Loaded 24080 gameobject in pools in 32 ms
Loading Mother Pooling Data...
>> Loaded 2290 pools in mother pools in 31 ms
Loading Quest Pooling Data...
>> Loaded 133 quests in pools in 0 ms
Starting objects pooling system...
Loading Game Event Data...
>> Loaded 64 game events in 0 ms
Loading Game Event Saves Data...
>> Loaded 15 game event saves in game events in 0 ms
Loading Game Event Prerequisite Data...
>> Loaded 15 game event prerequisites in game events in 0 ms
Loading Game Event Creature Data...
>> Loaded 8259 creatures in game events in 234 ms
Loading Game Event GO Data...
>> Loaded 19799 gameobjects in game events in 31 ms
Loading Game Event Model/Equipment Change Data...
>> Loaded 10 model/equipment changes in game events in 15 ms
Loading Game Event Quest Data...
>> Loaded 217 quests additions in game events in 0 ms
Loading Game Event GO Quest Data...
>> Loaded 78 quests additions in game events in 0 ms
Loading Game Event Quest Condition Data...
>> Loaded 11 quest event conditions in game events in 0 ms
Loading Game Event Condition Data...
>> Loaded 15 conditions in game events in 0 ms
Loading Game Event Condition Save Data...
>> Loaded 0 condition saves in game events. DB table `game_event_condition_save` is empty.
Loading Game Event NPCflag Data...
>> Loaded 6 npcflags in game events in 0 ms
Loading Game Event Seasonal Quest Relations...
>> Loaded 614 quests additions in game events in 0 ms
Loading Game Event Vendor Additions Data...
>> Loaded 71 vendor additions in game events in 0 ms
Loading Game Event Battleground Data...
>> Loaded 6 battleground holidays in game events in 0 ms
Loading Game Event Pool Data...
>> Loaded 8 pools for game events in 0 ms
Loading UNIT_NPC_FLAG_SPELLCLICK Data...
>> Loaded 257 spellclick definitions in 0 ms
Loading Vehicle Template Accessories...
>> Loaded 114 Vehicle Template Accessories in 0 ms
Loading Vehicle Accessories...
>> Loaded 0 Vehicle Accessories in 0 ms
Loading SpellArea Data...
>> Loaded 425 spell area requirements in 0 ms
Loading AreaTrigger definitions...
>> Loaded 224 area trigger teleport definitions in 0 ms
Loading Access Requirements...
>> Loaded 121 access requirement definitions in 0 ms
Loading Quest Area Triggers...
>> Loaded 59 quest trigger points in 0 ms
Loading Tavern Area Triggers...
>> Loaded 113 tavern triggers in 0 ms
Loading AreaTrigger script names...
>> Loaded 72 areatrigger scripts in 0 ms
Loading LFG entrance positions...
>> Loaded 16 lfg entrance positions in 0 ms
Loading Dungeon boss data...
>> Loaded 612 instance encounters in 0 ms
Loading LFG rewards...
>> Loaded 15 lfg dungeon rewards in 0 ms
Loading Graveyard-zone links...
>> Loaded 699 graveyard-zone links in 0 ms
Loading spell pet auras...
>> Loaded 47 spell pet auras in 0 ms
Loading Spell target coordinates...
>> Loaded 480 spell teleport coordinates in 0 ms
Loading enchant custom attributes...
>> Loaded 32 custom enchant attributes in 0 ms
Loading linked spells...
>> Loaded 325 linked spells in 0 ms
Loading Player Create Data...
>> Loaded 62 player create definitions in 0 ms
Loading Player Create Items Data...
>> Loaded 1 custom player create items in 0 ms
Loading Player Create Spell Data...
>> Loaded 2825 player create spells in 15 ms
Loading Player Create Action Data...
>> Loaded 325 player create actions in 0 ms
Loading Player Create Level HP/Mana Data...
>> Loaded 800 level health/mana definitions in 0 ms
Loading Player Create Level Stats Data...
>> Loaded 4960 level stats definitions in 0 ms
Loading Player Create XP Data...
>> Loaded 79 xp for level definitions in 0 ms
Loading Exploration BaseXP Data...
>> Loaded 80 BaseXP definitions in 0 ms
Loading Pet Name Parts...
>> Loaded 313 pet name parts in 0 ms
Loading the max pet number...
>> Loaded the max pet number: 0 in 0 ms
Loading pet level stats...
>> Loaded 2480 level pet stats definitions in 0 ms
Loading Player Corpses...
>> Loaded 0 corpses. DB table `corpse` is empty.
Loading Player level dependent mail rewards...
>> Loaded 24 level dependent mail rewards in 0 ms
Loading creature loot templates...
>> Loaded 336104 creature loot templates in 858 ms
Loading fishing loot templates...
>> Loaded 237 fishing loot templates in 0 ms
Loading gameobject loot templates...
>> Loaded 18490 gameobject loot templates in 47 ms
Loading item loot templates...
>> Loaded 4982 item loot templates in 15 ms
Loading mail loot templates...
>> Loaded 81 mail loot templates in 0 ms
Loading milling loot templates...
>> Loaded 45 milling loot templates in 0 ms
Loading pickpocketing loot templates...
>> Loaded 11035 pickpocketing loot templates in 31 ms
Loading skinning loot templates...
>> Loaded 3403 skinning loot templates in 16 ms
Loading disenchanting loot templates...
>> Loaded 124 disenchanting loot templates in 0 ms
Loading prospecting loot templates...
>> Loaded 38 prospecting loot templates in 0 ms
Loading spell loot templates...
>> Loaded 161 spell loot templates in 16 ms
Loading reference loot templates...
>> Loaded refence loot templates in 31 ms
Loading Skill Discovery Table...
>> Loaded 348 skill discovery definitions in 0 ms
Loading Skill Extra Item Table...
>> Loaded 225 spell specialization definitions in 0 ms
Loading Skill Fishing base level requirements...
>> Loaded 88 areas for fishing base skill level in 15 ms
Loading Achievements...
>> Loaded 43 achievement references in 0 ms
Loading Achievement Criteria Lists...
>> Loaded 1105 achievement criteria in 0 ms
Loading Achievement Criteria Data...
>> Loaded 2547 additional achievement criteria data in 0 ms
Loading Achievement Rewards...
>> Loaded 101 achievement rewards in 0 ms
Loading Achievement Reward Locales...
>> Loaded 0 achievement reward locale strings.  DB table `locales_achievement_reward` is empty
Loading Completed Achievements...
>> Loaded 0 realm first completed achievements. DB table `character_achievement` is empty.
Deleting expired auctions...
>> No expired auctions to delete
Loading Item Auctions...
>> Loaded 0 auction items. DB table `auctionhouse` or `item_instance` is empty!
Loading Auctions...
>> Loaded 0 auctions. DB table `auctionhouse` is empty.
Loading Guilds...
Loading guilds definitions...
>> Loaded 0 guild definitions. DB table `guild` is empty.
Loading ArenaTeams...
>> Loaded 0 arena teams. DB table `arena_team` is empty!
Loading Groups...
>> Loaded 0 group definitions. DB table `groups` is empty!
Loading ReservedNames...
>> Loaded 0 reserved player names. DB table `reserved_name` is empty!
Loading GameObjects for quests...
>> Loaded 1144 GameObjects for quests in 0 ms
Loading BattleMasters...
>> Loaded 136 battlemaster entries in 0 ms
Loading GameTeleports...
>> Loaded 1423 GameTeleports in 0 ms
Loading Gossip menu...
>> Loaded 4240 gossip_menu entries in 16 ms
Loading Gossip menu options...
>> Loaded 3322 gossip_menu_option entries in 15 ms
Loading Vendors...
>> Loaded 37402 Vendors in 78 ms
Loading Trainers...
>> Loaded 80019 Trainers in 546 ms
Loading Waypoints...
>> Loaded 75943 waypoints in 343 ms
Loading SmartAI Waypoints...
>> Loaded 112 SmartAI waypoint paths (total 1390 waypoints) in 0 ms
Loading Creature Formations...
>> Loaded 384 creatures in formations in 0 ms
Loading World States...
>> Loaded 9 world states in 16 ms
Loading Conditions...
>> Loaded 7997 conditions in 31 ms
Loading faction change achievement pairs...
>> Loaded 126 faction change achievement pairs in 0 ms
Loading faction change spell pairs...
>> Loaded 102 faction change spell pairs in 0 ms
Loading faction change item pairs...
>> Loaded 738 faction change item pairs in 0 ms
Loading faction change reputation pairs...
>> Loaded 15 faction change reputation pairs in 0 ms
Loading faction change title pairs...
>> Loaded 22 faction change title pairs in 0 ms
Loading GM tickets...
>> Loaded 0 GM tickets. DB table `gm_tickets` is empty!
Loading GM surveys...
>> Loaded GM Survey count from database in 0 ms
Loading client addons...
>> Loaded 23 known addons in 0 ms
Returning old mails...
>> No expired mails found.
Loading Autobroadcasts...
>> Loaded 0 autobroadcasts definitions. DB table `autobroadcast` is empty!
Loading spell_scripts...
>> Loaded 95 script definitions in 0 ms
Loading event_scripts...
>> Loaded 420 script definitions in 0 ms
Loading waypoint_scripts...
>> Loaded 723 script definitions in 0 ms
Loading Scripts text locales...
>> Loaded 209 string templates from db_script_string in 0 ms
Loading CreatureEventAI Texts...
>> Loaded 841 string templates from creature_ai_texts in 0 ms
>> Loaded 841 additional CreatureEventAI Texts data in 16 ms
Loading CreatureEventAI Scripts...
>> Loaded 9472 CreatureEventAI scripts in 47 ms
Loading spell script names...
>> Loaded 956 spell script names in 0 ms
Loading Creature Texts...
>> Loaded 6204 creature texts for 1365 creatures in 15 ms
Loading Creature Text Locales...
Initializing Scripts...
Loading Script Waypoints for 80 creature(s)...
>> Loaded 2080 Script Waypoint nodes in 0 ms
Loading C++ scripts
Script named 'spell_dk_blood_gorged' does not have a script name assigned in database.
Script named 'spell_dk_icebound_fortitude' does not have a script name assigned in database.
Script named 'spell_dk_rune_tap_party' does not have a script name assigned in database.
Script named 'spell_dk_vampiric_blood' does not have a script name assigned in database.
Script named 'spell_dru_dash' does not have a script name assigned in database.
Script named 'spell_dru_idol_lifebloom' does not have a script name assigned in database.
Script named 'spell_dru_innervate' does not have a script name assigned in database.
Script named 'spell_dru_living_seed' does not have a script name assigned in database.
Script named 'spell_dru_living_seed_proc' does not have a script name assigned in database.
Script named 'spell_dru_owlkin_frenzy' does not have a script name assigned in database.
Script named 'spell_dru_rip' does not have a script name assigned in database.
Script named 'spell_dru_typhoon' does not have a script name assigned in database.
Script named 'spell_gen_adaptive_warding' does not have a script name assigned in database.
Script named 'spell_gen_create_lance' does not have a script name assigned in database.
Script named 'spell_gen_netherbloom' does not have a script name assigned in database.
Script named 'spell_gen_nightmare_vine' does not have a script name assigned in database.
Script named 'spell_gen_obsidian_armor' does not have a script name assigned in database.
Script named 'spell_hun_ascpect_of_the_viper' does not have a script name assigned in database.
Script named 'spell_mage_burnout' does not have a script name assigned in database.
Script named 'spell_mage_fire_frost_ward' does not have a script name assigned in database.
Script named 'spell_mage_focus_magic' does not have a script name assigned in database.
Script named 'spell_mage_ice_barrier' does not have a script name assigned in database.
Script named 'spell_mage_ignite' does not have a script name assigned in database.
Script named 'spell_mage_mana_shield' does not have a script name assigned in database.
Script named 'spell_mage_master_of_elements' does not have a script name assigned in database.
Script named 'spell_pal_eye_for_an_eye' does not have a script name assigned in database.
Script named 'spell_pal_hand_of_salvation' does not have a script name assigned in database.
Script named 'spell_pal_sacred_shield' does not have a script name assigned in database.
Script named 'spell_pal_seal_of_righteousness' does not have a script name assigned in database.
Script named 'spell_pri_divine_aegis' does not have a script name assigned in database.
Script named 'spell_pri_glyph_of_prayer_of_healing' does not have a script name assigned in database.
Script named 'spell_pri_lightwell_renew' does not have a script name assigned in database.
Script named 'spell_pri_mana_leech' does not have a script name assigned in database.
Script named 'spell_pri_power_word_shield' does not have a script name assigned in database.
Script named 'spell_rog_blade_flurry' does not have a script name assigned in database.
Script named 'spell_rog_rupture' does not have a script name assigned in database.
Script named 'spell_rog_tricks_of_the_trade' does not have a script name assigned in database.
Script named 'spell_rog_tricks_of_the_trade_proc' does not have a script name assigned in database.
Script named 'spell_sha_earth_shield' does not have a script name assigned in database.
Script named 'spell_sha_thunderstorm' does not have a script name assigned in database.
Script named 'spell_warl_fel_synergy' does not have a script name assigned in database.
Script named 'spell_warl_shadow_ward' does not have a script name assigned in database.
Script named 'spell_warl_siphon_life' does not have a script name assigned in database.
Script named 'spell_warr_damage_shield' does not have a script name assigned in database.
Script named 'spell_warr_intimidating_shout' does not have a script name assigned in database.
Script named 'spell_warr_rend' does not have a script name assigned in database.
Script named 'spell_warr_shattering_throw' does not have a script name assigned in database.
Script named 'spell_warr_sweeping_strikes' does not have a script name assigned in database.
Script named 'spell_warr_vigilance_trigger' does not have a script name assigned in database.
Script named 'spell_item_arcane_shroud' does not have a script name assigned in database.
Script named 'spell_item_blessing_of_ancient_kings' does not have a script name assigned in database.
Script named 'spell_item_goblin_jumper_cables' does not have a script name assigned in database.
Script named 'spell_item_goblin_jumper_cables_xl' does not have a script name assigned in database.
Script named 'spell_item_gnomish_army_knife' does not have a script name assigned in database.
Script named 'spell_item_necrotic_touch' does not have a script name assigned in database.
Script named 'spell_item_piccolo_of_the_flaming_fire' does not have a script name assigned in database.
Script named 'spell_item_scroll_of_recall' does not have a script name assigned in database.
Script named 'spell_item_shadows_fate' does not have a script name assigned in database.
Script named 'spell_item_shadowmourne_soul_fragment' does not have a script name assigned in database.
Script named 'spell_item_the_eye_of_diminution' does not have a script name assigned in database.
Script named 'spell_winter_veil_px_238_winter_wondervolt' does not have a script name assigned in database.
Script named 'mob_vilebranch_speaker' does not have a script name assigned in database.
Script named 'spell_threatening_gaze' does not have a script name assigned in database.
Script named 'npc_zulian_prowler' does not have a script name assigned in database.
Script named 'spell_blood_queen_essence_of_the_blood_queen' does not have a script name assigned in database.
Script named 'spell_the_lich_king_dark_hunger' does not have a script name assigned in database.
Script named 'npc_vics_flying_machine' does not have a script name assigned in database.
>> Loaded 2076 C++ scripts in 47 ms
Validating spell scripts...
Spell `71905` Effect `Index: EFFECT_0 AuraName: 4` of script `spell_item_shadowmourne` did not match dbc effect data - handler bound to hook `OnEffectProc` of AuraScript won't be executed
>> Validated 1195 scripts in 0 ms
Loading SmartAI scripts...
>> Loaded 4359 SmartAI scripts in 93 ms
Loading Calendar data...
>> Loaded 0 calendar events
>> Loaded 0 calendar invites
Initialize game time and timers
Mail timer set to: 1140, mail return is called every 1440 minutes
Starting Map System
Starting Game Event system...
Starting Arena Season...
Starting Battleground System
>> Loaded 11 battlegrounds in 0 ms
Starting Outdoor PvP System
>> Loaded 6 outdoor PvP definitions in 0 ms
Starting Battlefield System
Loading Transports...
>> Loaded 20 transports in 37 ms
Loading Transport NPCs...
>> Loaded 270 transport npcs in 5186 ms
Loading Warden Checks...
Loading Warden Action Overrides...
Deleting expired bans...
Calculate next daily quest reset time...
Calculate next weekly quest reset time...
Calculate next monthly quest reset time...
Calculate random battleground reset time...
Calculate Guild cap reset time...
Loading character name data
Loaded name data for 1 characters
World initialized in 0 minutes 15 seconds
worldserver process priority class set to HIGH
TrinityCore rev. 0000-00-00 00:00:00 +0000 (Archived) (Win32, Release) (worldserver-daemon) ready...
Command: .gm on [Player: Sunblade (Account: 1) X: 10318.496094 Y: 827.560059 Z: 1326.374023 Map: 1 Selected none:  (GUID: 0)]
Command: .level 79 [Player: Sunblade (Account: 1) X: 10315.386719 Y: 864.020996 Z: 1332.643188 Map: 1 Selected player: Sunblade (GUID: 1)]
Command: .max [Player: Sunblade (Account: 1) X: 10327.255859 Y: 832.001343 Z: 1326.355103 Map: 1 Selected player: Sunblade (GUID: 1)]
Command: .tel edc [Player: Sunblade (Account: 1) X: 10306.859375 Y: 808.345764 Z: 1329.118774 Map: 1 Selected none:  (GUID: 0)]
>> Loaded 963 Trinity strings from table trinity_string in 5 ms
Command: .reload trinity_string [Player: Sunblade (Account: 1) X: -1937.877319 Y: -737.791748 Z: 1.274211 Map: 1 Selected none:  (GUID: 0)]
